[2026-03-05 18:03:55] Cron log created
[2026-03-05 18:03:55] Cron started
[2026-03-05 18:03:55] No due reminders found.
[2026-03-05 18:03:55] Cron finished
[2026-03-05 18:07:22] Cron started
[2026-03-05 18:07:31] Error sending to adil123koya@gmail.com: SMTP Error: Could not authenticate.
[2026-03-05 18:07:31] Cron finished
[2026-03-05 22:45:24] Cron started
[2026-03-05 22:45:31] Success: Reminder sent to adil123koya@gmail.com (Final Test Reminder)
[2026-03-05 22:45:38] Success: Reminder sent to adil123koya@gmail.com (Final Test Reminder)
[2026-03-05 22:45:38] Cron finished
[2026-03-05 22:54:24] Cron started
[2026-03-05 22:54:33] Success: Reminder sent to adil123koya@gmail.com (naseef)
[2026-03-05 22:54:33] Cron finished
[2026-03-05 22:56:01] Cron started
[2026-03-05 22:56:01] No due reminders found.
[2026-03-05 22:56:01] Cron finished
[2026-03-05 22:57:01] Cron started
[2026-03-05 22:57:01] No due reminders found.
[2026-03-05 22:57:01] Cron finished
[2026-03-05 22:58:01] Cron started
[2026-03-05 22:58:01] No due reminders found.
[2026-03-05 22:58:01] Cron finished
[2026-03-05 22:59:01] Cron started
[2026-03-05 22:59:07] Success: Reminder sent to adil123koya@gmail.com (rafeekee)
[2026-03-05 22:59:07] Cron finished
[2026-03-05 23:00:01] Cron started
[2026-03-05 23:00:01] No due reminders found.
[2026-03-05 23:00:01] Cron finished
[2026-03-05 23:01:01] Cron started
[2026-03-05 23:01:01] No due reminders found.
[2026-03-05 23:01:01] Cron finished
[2026-03-05 23:02:01] Cron started
[2026-03-05 23:02:01] No due reminders found.
[2026-03-05 23:02:01] Cron finished
[2026-03-05 23:03:01] Cron started
[2026-03-05 23:03:01] No due reminders found.
[2026-03-05 23:03:01] Cron finished
[2026-03-05 23:04:01] Cron started
[2026-03-05 23:04:01] No due reminders found.
[2026-03-05 23:04:01] Cron finished
[2026-03-05 23:05:01] Cron started
[2026-03-05 23:05:08] Success: Reminder sent to adil123koya@gmail.com (rafeek)
[2026-03-05 23:05:08] Cron finished
[2026-03-05 23:06:01] Cron started
[2026-03-05 23:06:01] No due reminders found.
[2026-03-05 23:06:01] Cron finished
[2026-03-05 23:07:01] Cron started
[2026-03-05 23:07:01] No due reminders found.
[2026-03-05 23:07:01] Cron finished
[2026-03-05 23:08:01] Cron started
[2026-03-05 23:08:01] No due reminders found.
[2026-03-05 23:08:01] Cron finished
[2026-03-05 23:09:01] Cron started
[2026-03-05 23:09:01] No due reminders found.
[2026-03-05 23:09:01] Cron finished
[2026-03-05 23:10:01] Cron started
[2026-03-05 23:10:01] No due reminders found.
[2026-03-05 23:10:01] Cron finished
[2026-03-05 23:11:01] Cron started
[2026-03-05 23:11:01] No due reminders found.
[2026-03-05 23:11:01] Cron finished
[2026-03-05 23:12:01] Cron started
[2026-03-05 23:12:01] No due reminders found.
[2026-03-05 23:12:01] Cron finished
[2026-03-05 23:13:03] Cron started
[2026-03-05 23:13:03] No due reminders found.
[2026-03-05 23:13:03] Cron finished
[2026-03-05 23:14:01] Cron started
[2026-03-05 23:14:01] No due reminders found.
[2026-03-05 23:14:01] Cron finished
[2026-03-05 23:15:02] Cron started
[2026-03-05 23:15:03] No due reminders found.
[2026-03-05 23:15:03] Cron finished
[2026-03-05 23:16:01] Cron started
[2026-03-05 23:16:01] No due reminders found.
[2026-03-05 23:16:01] Cron finished
[2026-03-05 23:17:01] Cron started
[2026-03-05 23:17:01] No due reminders found.
[2026-03-05 23:17:01] Cron finished
[2026-03-05 23:18:02] Cron started
[2026-03-05 23:18:02] No due reminders found.
[2026-03-05 23:18:02] Cron finished
[2026-03-05 23:19:01] Cron started
[2026-03-05 23:19:01] No due reminders found.
[2026-03-05 23:19:01] Cron finished
[2026-03-05 23:20:01] Cron started
[2026-03-05 23:20:01] No due reminders found.
[2026-03-05 23:20:01] Cron finished
[2026-03-05 23:21:01] Cron started
[2026-03-05 23:21:01] No due reminders found.
[2026-03-05 23:21:01] Cron finished
[2026-03-05 23:22:01] Cron started
[2026-03-05 23:22:01] No due reminders found.
[2026-03-05 23:22:01] Cron finished
[2026-03-05 23:23:01] Cron started
[2026-03-05 23:23:01] No due reminders found.
[2026-03-05 23:23:01] Cron finished
[2026-03-05 23:24:01] Cron started
[2026-03-05 23:24:01] No due reminders found.
[2026-03-05 23:24:01] Cron finished
[2026-03-06 00:25:02] Cron started
[2026-03-06 00:25:02] No due reminders found.
[2026-03-06 00:25:02] Cron finished
[2026-03-06 00:26:01] Cron started
[2026-03-06 00:26:08] Success: Reminder sent to adil123koya@gmail.com (hudhdfvu)
[2026-03-06 00:26:08] Cron finished
[2026-03-06 00:27:01] Cron started
[2026-03-06 00:27:01] No due reminders found.
[2026-03-06 00:27:01] Cron finished
[2026-03-06 00:28:01] Cron started
[2026-03-06 00:28:01] No due reminders found.
[2026-03-06 00:28:01] Cron finished
[2026-03-06 00:29:01] Cron started
[2026-03-06 00:29:01] No due reminders found.
[2026-03-06 00:29:01] Cron finished
[2026-03-06 00:30:01] Cron started
[2026-03-06 00:30:01] No due reminders found.
[2026-03-06 00:30:01] Cron finished
